{"/Users/imma/Codesmith/Mid/solo-project/solo-project/server/controllers/artChicagoApi.js": {"path":"/Users/imma/Codesmith/Mid/solo-project/solo-project/server/controllers/artChicagoApi.js","statementMap":{"0":{"start":{"line":1,"column":14},"end":{"line":1,"column":35}},"1":{"start":{"line":2,"column":32},"end":{"line":2,"column":34}},"2":{"start":{"line":10,"column":4},"end":{"line":10,"column":34}},"3":{"start":{"line":13,"column":18},"end":{"line":16,"column":2}},"4":{"start":{"line":18,"column":19},"end":{"line":49,"column":1}},"5":{"start":{"line":19,"column":2},"end":{"line":19,"column":37}},"6":{"start":{"line":20,"column":2},"end":{"line":20,"column":45}},"7":{"start":{"line":21,"column":2},"end":{"line":48,"column":4}},"8":{"start":{"line":53,"column":0},"end":{"line":89,"column":2}},"9":{"start":{"line":56,"column":2},"end":{"line":56,"column":42}},"10":{"start":{"line":57,"column":2},"end":{"line":57,"column":30}},"11":{"start":{"line":59,"column":2},"end":{"line":88,"column":5}},"12":{"start":{"line":60,"column":4},"end":{"line":87,"column":9}},"13":{"start":{"line":63,"column":22},"end":{"line":63,"column":33}},"14":{"start":{"line":66,"column":28},"end":{"line":66,"column":113}},"15":{"start":{"line":67,"column":27},"end":{"line":67,"column":112}},"16":{"start":{"line":69,"column":8},"end":{"line":69,"column":48}},"17":{"start":{"line":70,"column":8},"end":{"line":70,"column":52}},"18":{"start":{"line":72,"column":8},"end":{"line":72,"column":47}},"19":{"start":{"line":75,"column":8},"end":{"line":80,"column":9}},"20":{"start":{"line":76,"column":10},"end":{"line":76,"column":43}},"21":{"start":{"line":77,"column":10},"end":{"line":77,"column":24}},"22":{"start":{"line":79,"column":10},"end":{"line":79,"column":56}},"23":{"start":{"line":83,"column":8},"end":{"line":86,"column":11}},"24":{"start":{"line":90,"column":0},"end":{"line":113,"column":2}},"25":{"start":{"line":91,"column":2},"end":{"line":91,"column":50}},"26":{"start":{"line":93,"column":24},"end":{"line":93,"column":32}},"27":{"start":{"line":95,"column":16},"end":{"line":95,"column":37}},"28":{"start":{"line":97,"column":25},"end":{"line":97,"column":66}},"29":{"start":{"line":98,"column":14},"end":{"line":98,"column":47}},"30":{"start":{"line":99,"column":2},"end":{"line":112,"column":3}},"31":{"start":{"line":100,"column":16},"end":{"line":104,"column":6}},"32":{"start":{"line":105,"column":17},"end":{"line":105,"column":33}},"33":{"start":{"line":108,"column":4},"end":{"line":108,"column":39}},"34":{"start":{"line":109,"column":4},"end":{"line":109,"column":18}},"35":{"start":{"line":111,"column":4},"end":{"line":111,"column":21}},"36":{"start":{"line":141,"column":0},"end":{"line":165,"column":2}},"37":{"start":{"line":142,"column":24},"end":{"line":142,"column":32}},"38":{"start":{"line":144,"column":2},"end":{"line":164,"column":7}},"39":{"start":{"line":147,"column":20},"end":{"line":147,"column":31}},"40":{"start":{"line":149,"column":6},"end":{"line":149,"column":31}},"41":{"start":{"line":151,"column":21},"end":{"line":151,"column":38}},"42":{"start":{"line":153,"column":6},"end":{"line":155,"column":7}},"43":{"start":{"line":153,"column":19},"end":{"line":153,"column":20}},"44":{"start":{"line":154,"column":8},"end":{"line":154,"column":56}},"45":{"start":{"line":156,"column":6},"end":{"line":156,"column":63}},"46":{"start":{"line":157,"column":6},"end":{"line":157,"column":13}},"47":{"start":{"line":160,"column":6},"end":{"line":163,"column":9}},"48":{"start":{"line":167,"column":0},"end":{"line":167,"column":41}}},"fnMap":{"0":{"name":"(anonymous_0)","decl":{"start":{"line":18,"column":19},"end":{"line":18,"column":20}},"loc":{"start":{"line":18,"column":71},"end":{"line":49,"column":1}},"line":18},"1":{"name":"(anonymous_1)","decl":{"start":{"line":53,"column":41},"end":{"line":53,"column":42}},"loc":{"start":{"line":53,"column":61},"end":{"line":89,"column":1}},"line":53},"2":{"name":"(anonymous_2)","decl":{"start":{"line":59,"column":30},"end":{"line":59,"column":31}},"loc":{"start":{"line":59,"column":56},"end":{"line":88,"column":3}},"line":59},"3":{"name":"(anonymous_3)","decl":{"start":{"line":63,"column":12},"end":{"line":63,"column":13}},"loc":{"start":{"line":63,"column":22},"end":{"line":63,"column":33}},"line":63},"4":{"name":"(anonymous_4)","decl":{"start":{"line":64,"column":12},"end":{"line":64,"column":13}},"loc":{"start":{"line":64,"column":29},"end":{"line":81,"column":7}},"line":64},"5":{"name":"(anonymous_5)","decl":{"start":{"line":82,"column":13},"end":{"line":82,"column":14}},"loc":{"start":{"line":82,"column":22},"end":{"line":87,"column":7}},"line":82},"6":{"name":"(anonymous_6)","decl":{"start":{"line":90,"column":38},"end":{"line":90,"column":39}},"loc":{"start":{"line":90,"column":64},"end":{"line":113,"column":1}},"line":90},"7":{"name":"(anonymous_7)","decl":{"start":{"line":141,"column":36},"end":{"line":141,"column":37}},"loc":{"start":{"line":141,"column":62},"end":{"line":165,"column":1}},"line":141},"8":{"name":"(anonymous_8)","decl":{"start":{"line":147,"column":10},"end":{"line":147,"column":11}},"loc":{"start":{"line":147,"column":20},"end":{"line":147,"column":31}},"line":147},"9":{"name":"(anonymous_9)","decl":{"start":{"line":148,"column":10},"end":{"line":148,"column":11}},"loc":{"start":{"line":148,"column":25},"end":{"line":158,"column":5}},"line":148},"10":{"name":"(anonymous_10)","decl":{"start":{"line":159,"column":11},"end":{"line":159,"column":12}},"loc":{"start":{"line":159,"column":20},"end":{"line":164,"column":5}},"line":159}},"branchMap":{"0":{"loc":{"start":{"line":18,"column":38},"end":{"line":18,"column":69}},"type":"default-arg","locations":[{"start":{"line":18,"column":55},"end":{"line":18,"column":69}}],"line":18},"1":{"loc":{"start":{"line":75,"column":8},"end":{"line":80,"column":9}},"type":"if","locations":[{"start":{"line":75,"column":8},"end":{"line":80,"column":9}},{"start":{"line":78,"column":15},"end":{"line":80,"column":9}}],"line":75}},"s":{"0":1,"1":1,"2":1,"3":1,"4":1,"5":0,"6":0,"7":0,"8":1,"9":0,"10":0,"11":0,"12":0,"13":0,"14":0,"15":0,"16":0,"17":0,"18":0,"19":0,"20":0,"21":0,"22":0,"23":0,"24":1,"25":0,"26":0,"27":0,"28":0,"29":0,"30":0,"31":0,"32":0,"33":0,"34":0,"35":0,"36":1,"37":0,"38":0,"39":0,"40":0,"41":0,"42":0,"43":0,"44":0,"45":0,"46":0,"47":0,"48":1},"f":{"0":0,"1":0,"2":0,"3":0,"4":0,"5":0,"6":0,"7":0,"8":0,"9":0,"10":0},"b":{"0":[0],"1":[0,0]},"_coverageSchema":"1a1c01bbd47fc00a2c39e90264f33305004495a9","hash":"e1558e4058325856b2c2c08b3b2c3aca4f0cae1d"}
,"/Users/imma/Codesmith/Mid/solo-project/solo-project/server/models/config.js": {"path":"/Users/imma/Codesmith/Mid/solo-project/solo-project/server/models/config.js","statementMap":{"0":{"start":{"line":1,"column":0},"end":{"line":33,"column":2}},"1":{"start":{"line":26,"column":4},"end":{"line":31,"column":7}},"2":{"start":{"line":28,"column":6},"end":{"line":30,"column":25}},"3":{"start":{"line":29,"column":8},"end":{"line":29,"column":72}}},"fnMap":{"0":{"name":"(anonymous_0)","decl":{"start":{"line":25,"column":11},"end":{"line":25,"column":12}},"loc":{"start":{"line":25,"column":30},"end":{"line":32,"column":3}},"line":25},"1":{"name":"(anonymous_1)","decl":{"start":{"line":26,"column":23},"end":{"line":26,"column":24}},"loc":{"start":{"line":26,"column":44},"end":{"line":31,"column":5}},"line":26},"2":{"name":"(anonymous_2)","decl":{"start":{"line":28,"column":17},"end":{"line":28,"column":18}},"loc":{"start":{"line":28,"column":29},"end":{"line":30,"column":7}},"line":28}},"branchMap":{},"s":{"0":1,"1":0,"2":0,"3":0},"f":{"0":0,"1":0,"2":0},"b":{},"_coverageSchema":"1a1c01bbd47fc00a2c39e90264f33305004495a9","hash":"ebea8db8d134578e8658e77d6f3870ca8a5802cc"}
,"/Users/imma/Codesmith/Mid/solo-project/solo-project/tests/testData/postResponseArtApi.js": {"path":"/Users/imma/Codesmith/Mid/solo-project/solo-project/tests/testData/postResponseArtApi.js","statementMap":{"0":{"start":{"line":1,"column":0},"end":{"line":180,"column":2}}},"fnMap":{},"branchMap":{},"s":{"0":1},"f":{},"b":{},"_coverageSchema":"1a1c01bbd47fc00a2c39e90264f33305004495a9","hash":"57def348e8365d8450c754581bcb2f8538db58e4"}
}
