{"/Users/imma/Codesmith/Mid/solo-project/solo-project/server/controllers/artChicagoApi.js": {"path":"/Users/imma/Codesmith/Mid/solo-project/solo-project/server/controllers/artChicagoApi.js","statementMap":{"0":{"start":{"line":1,"column":14},"end":{"line":1,"column":35}},"1":{"start":{"line":2,"column":32},"end":{"line":2,"column":34}},"2":{"start":{"line":10,"column":4},"end":{"line":10,"column":34}},"3":{"start":{"line":14,"column":4},"end":{"line":14,"column":19}},"4":{"start":{"line":15,"column":4},"end":{"line":15,"column":23}},"5":{"start":{"line":16,"column":4},"end":{"line":16,"column":37}},"6":{"start":{"line":20,"column":18},"end":{"line":23,"column":2}},"7":{"start":{"line":25,"column":19},"end":{"line":55,"column":1}},"8":{"start":{"line":26,"column":2},"end":{"line":26,"column":37}},"9":{"start":{"line":27,"column":2},"end":{"line":27,"column":45}},"10":{"start":{"line":28,"column":2},"end":{"line":54,"column":4}},"11":{"start":{"line":60,"column":0},"end":{"line":98,"column":2}},"12":{"start":{"line":61,"column":2},"end":{"line":61,"column":50}},"13":{"start":{"line":63,"column":24},"end":{"line":63,"column":32}},"14":{"start":{"line":65,"column":16},"end":{"line":65,"column":37}},"15":{"start":{"line":67,"column":25},"end":{"line":67,"column":66}},"16":{"start":{"line":68,"column":14},"end":{"line":68,"column":47}},"17":{"start":{"line":69,"column":2},"end":{"line":97,"column":3}},"18":{"start":{"line":70,"column":16},"end":{"line":73,"column":6}},"19":{"start":{"line":74,"column":4},"end":{"line":89,"column":5}},"20":{"start":{"line":75,"column":19},"end":{"line":75,"column":35}},"21":{"start":{"line":76,"column":6},"end":{"line":76,"column":47}},"22":{"start":{"line":78,"column":6},"end":{"line":84,"column":7}},"23":{"start":{"line":79,"column":8},"end":{"line":79,"column":56}},"24":{"start":{"line":80,"column":8},"end":{"line":83,"column":10}},"25":{"start":{"line":85,"column":6},"end":{"line":85,"column":43}},"26":{"start":{"line":88,"column":6},"end":{"line":88,"column":77}},"27":{"start":{"line":91,"column":4},"end":{"line":91,"column":33}},"28":{"start":{"line":92,"column":4},"end":{"line":96,"column":7}},"29":{"start":{"line":102,"column":0},"end":{"line":126,"column":2}},"30":{"start":{"line":103,"column":24},"end":{"line":103,"column":32}},"31":{"start":{"line":105,"column":2},"end":{"line":125,"column":7}},"32":{"start":{"line":108,"column":20},"end":{"line":108,"column":31}},"33":{"start":{"line":110,"column":6},"end":{"line":110,"column":31}},"34":{"start":{"line":112,"column":21},"end":{"line":112,"column":38}},"35":{"start":{"line":114,"column":6},"end":{"line":116,"column":7}},"36":{"start":{"line":114,"column":19},"end":{"line":114,"column":20}},"37":{"start":{"line":115,"column":8},"end":{"line":115,"column":56}},"38":{"start":{"line":117,"column":6},"end":{"line":117,"column":63}},"39":{"start":{"line":118,"column":6},"end":{"line":118,"column":13}},"40":{"start":{"line":121,"column":6},"end":{"line":124,"column":9}},"41":{"start":{"line":128,"column":0},"end":{"line":164,"column":2}},"42":{"start":{"line":131,"column":2},"end":{"line":131,"column":42}},"43":{"start":{"line":132,"column":2},"end":{"line":132,"column":30}},"44":{"start":{"line":134,"column":2},"end":{"line":163,"column":5}},"45":{"start":{"line":135,"column":4},"end":{"line":162,"column":9}},"46":{"start":{"line":138,"column":22},"end":{"line":138,"column":33}},"47":{"start":{"line":141,"column":28},"end":{"line":141,"column":113}},"48":{"start":{"line":142,"column":27},"end":{"line":142,"column":112}},"49":{"start":{"line":144,"column":8},"end":{"line":144,"column":48}},"50":{"start":{"line":145,"column":8},"end":{"line":145,"column":52}},"51":{"start":{"line":147,"column":8},"end":{"line":147,"column":47}},"52":{"start":{"line":150,"column":8},"end":{"line":155,"column":9}},"53":{"start":{"line":151,"column":10},"end":{"line":151,"column":43}},"54":{"start":{"line":152,"column":10},"end":{"line":152,"column":24}},"55":{"start":{"line":154,"column":10},"end":{"line":154,"column":56}},"56":{"start":{"line":158,"column":8},"end":{"line":161,"column":11}},"57":{"start":{"line":166,"column":0},"end":{"line":166,"column":41}}},"fnMap":{"0":{"name":"(anonymous_0)","decl":{"start":{"line":13,"column":2},"end":{"line":13,"column":3}},"loc":{"start":{"line":13,"column":29},"end":{"line":17,"column":3}},"line":13},"1":{"name":"(anonymous_1)","decl":{"start":{"line":25,"column":19},"end":{"line":25,"column":20}},"loc":{"start":{"line":25,"column":71},"end":{"line":55,"column":1}},"line":25},"2":{"name":"(anonymous_2)","decl":{"start":{"line":60,"column":45},"end":{"line":60,"column":46}},"loc":{"start":{"line":60,"column":76},"end":{"line":98,"column":1}},"line":60},"3":{"name":"(anonymous_3)","decl":{"start":{"line":102,"column":36},"end":{"line":102,"column":37}},"loc":{"start":{"line":102,"column":62},"end":{"line":126,"column":1}},"line":102},"4":{"name":"(anonymous_4)","decl":{"start":{"line":108,"column":10},"end":{"line":108,"column":11}},"loc":{"start":{"line":108,"column":20},"end":{"line":108,"column":31}},"line":108},"5":{"name":"(anonymous_5)","decl":{"start":{"line":109,"column":10},"end":{"line":109,"column":11}},"loc":{"start":{"line":109,"column":25},"end":{"line":119,"column":5}},"line":109},"6":{"name":"(anonymous_6)","decl":{"start":{"line":120,"column":11},"end":{"line":120,"column":12}},"loc":{"start":{"line":120,"column":20},"end":{"line":125,"column":5}},"line":120},"7":{"name":"(anonymous_7)","decl":{"start":{"line":128,"column":41},"end":{"line":128,"column":42}},"loc":{"start":{"line":128,"column":61},"end":{"line":164,"column":1}},"line":128},"8":{"name":"(anonymous_8)","decl":{"start":{"line":134,"column":30},"end":{"line":134,"column":31}},"loc":{"start":{"line":134,"column":56},"end":{"line":163,"column":3}},"line":134},"9":{"name":"(anonymous_9)","decl":{"start":{"line":138,"column":12},"end":{"line":138,"column":13}},"loc":{"start":{"line":138,"column":22},"end":{"line":138,"column":33}},"line":138},"10":{"name":"(anonymous_10)","decl":{"start":{"line":139,"column":12},"end":{"line":139,"column":13}},"loc":{"start":{"line":139,"column":29},"end":{"line":156,"column":7}},"line":139},"11":{"name":"(anonymous_11)","decl":{"start":{"line":157,"column":13},"end":{"line":157,"column":14}},"loc":{"start":{"line":157,"column":22},"end":{"line":162,"column":7}},"line":157}},"branchMap":{"0":{"loc":{"start":{"line":25,"column":38},"end":{"line":25,"column":69}},"type":"default-arg","locations":[{"start":{"line":25,"column":55},"end":{"line":25,"column":69}}],"line":25},"1":{"loc":{"start":{"line":74,"column":4},"end":{"line":89,"column":5}},"type":"if","locations":[{"start":{"line":74,"column":4},"end":{"line":89,"column":5}},{"start":{"line":86,"column":11},"end":{"line":89,"column":5}}],"line":74},"2":{"loc":{"start":{"line":78,"column":6},"end":{"line":84,"column":7}},"type":"if","locations":[{"start":{"line":78,"column":6},"end":{"line":84,"column":7}},{"start":{},"end":{}}],"line":78},"3":{"loc":{"start":{"line":78,"column":10},"end":{"line":78,"column":53}},"type":"binary-expr","locations":[{"start":{"line":78,"column":10},"end":{"line":78,"column":27}},{"start":{"line":78,"column":31},"end":{"line":78,"column":53}}],"line":78},"4":{"loc":{"start":{"line":150,"column":8},"end":{"line":155,"column":9}},"type":"if","locations":[{"start":{"line":150,"column":8},"end":{"line":155,"column":9}},{"start":{"line":153,"column":15},"end":{"line":155,"column":9}}],"line":150}},"s":{"0":1,"1":1,"2":1,"3":1,"4":1,"5":1,"6":1,"7":1,"8":3,"9":3,"10":3,"11":1,"12":3,"13":3,"14":3,"15":3,"16":3,"17":3,"18":3,"19":2,"20":2,"21":2,"22":2,"23":1,"24":1,"25":1,"26":0,"27":2,"28":2,"29":1,"30":0,"31":0,"32":0,"33":0,"34":0,"35":0,"36":0,"37":0,"38":0,"39":0,"40":0,"41":1,"42":0,"43":0,"44":0,"45":0,"46":0,"47":0,"48":0,"49":0,"50":0,"51":0,"52":0,"53":0,"54":0,"55":0,"56":0,"57":1},"f":{"0":1,"1":3,"2":3,"3":0,"4":0,"5":0,"6":0,"7":0,"8":0,"9":0,"10":0,"11":0},"b":{"0":[3],"1":[2,0],"2":[1,1],"3":[2,1],"4":[0,0]},"_coverageSchema":"1a1c01bbd47fc00a2c39e90264f33305004495a9","hash":"90500b3b0bc2527ba0ccc5ba378f70e6056c6164"}
,"/Users/imma/Codesmith/Mid/solo-project/solo-project/server/models/config.js": {"path":"/Users/imma/Codesmith/Mid/solo-project/solo-project/server/models/config.js","statementMap":{"0":{"start":{"line":1,"column":0},"end":{"line":33,"column":2}},"1":{"start":{"line":26,"column":4},"end":{"line":31,"column":7}},"2":{"start":{"line":28,"column":6},"end":{"line":30,"column":25}},"3":{"start":{"line":29,"column":8},"end":{"line":29,"column":72}}},"fnMap":{"0":{"name":"(anonymous_0)","decl":{"start":{"line":25,"column":11},"end":{"line":25,"column":12}},"loc":{"start":{"line":25,"column":30},"end":{"line":32,"column":3}},"line":25},"1":{"name":"(anonymous_1)","decl":{"start":{"line":26,"column":23},"end":{"line":26,"column":24}},"loc":{"start":{"line":26,"column":44},"end":{"line":31,"column":5}},"line":26},"2":{"name":"(anonymous_2)","decl":{"start":{"line":28,"column":17},"end":{"line":28,"column":18}},"loc":{"start":{"line":28,"column":29},"end":{"line":30,"column":7}},"line":28}},"branchMap":{},"s":{"0":1,"1":3,"2":3,"3":0},"f":{"0":3,"1":3,"2":0},"b":{},"_coverageSchema":"1a1c01bbd47fc00a2c39e90264f33305004495a9","hash":"ebea8db8d134578e8658e77d6f3870ca8a5802cc"}
,"/Users/imma/Codesmith/Mid/solo-project/solo-project/tests/testData/postResponseArtApi.js": {"path":"/Users/imma/Codesmith/Mid/solo-project/solo-project/tests/testData/postResponseArtApi.js","statementMap":{"0":{"start":{"line":181,"column":0},"end":{"line":340,"column":2}}},"fnMap":{},"branchMap":{},"s":{"0":1},"f":{},"b":{},"_coverageSchema":"1a1c01bbd47fc00a2c39e90264f33305004495a9","hash":"5a10a8dacf361aa52948e8541ecc0fd026911c91"}
}
