TN:
SF:server/controllers/artChicagoApi.js
FN:13,(anonymous_0)
FN:25,(anonymous_1)
FN:60,(anonymous_2)
FN:102,(anonymous_3)
FN:108,(anonymous_4)
FN:109,(anonymous_5)
FN:120,(anonymous_6)
FN:128,(anonymous_7)
FN:134,(anonymous_8)
FN:138,(anonymous_9)
FN:139,(anonymous_10)
FN:157,(anonymous_11)
FNF:12
FNH:3
FNDA:1,(anonymous_0)
FNDA:3,(anonymous_1)
FNDA:3,(anonymous_2)
FNDA:0,(anonymous_3)
FNDA:0,(anonymous_4)
FNDA:0,(anonymous_5)
FNDA:0,(anonymous_6)
FNDA:0,(anonymous_7)
FNDA:0,(anonymous_8)
FNDA:0,(anonymous_9)
FNDA:0,(anonymous_10)
FNDA:0,(anonymous_11)
DA:1,1
DA:2,1
DA:10,1
DA:14,1
DA:15,1
DA:16,1
DA:20,1
DA:25,1
DA:26,3
DA:27,3
DA:28,3
DA:60,1
DA:61,3
DA:63,3
DA:65,3
DA:67,3
DA:68,3
DA:69,3
DA:70,3
DA:74,2
DA:75,2
DA:76,2
DA:78,2
DA:79,1
DA:80,1
DA:85,1
DA:88,0
DA:91,2
DA:92,2
DA:102,1
DA:103,0
DA:105,0
DA:108,0
DA:110,0
DA:112,0
DA:114,0
DA:115,0
DA:117,0
DA:118,0
DA:121,0
DA:128,1
DA:131,0
DA:132,0
DA:134,0
DA:135,0
DA:138,0
DA:141,0
DA:142,0
DA:144,0
DA:145,0
DA:147,0
DA:150,0
DA:151,0
DA:152,0
DA:154,0
DA:158,0
DA:166,1
LF:57
LH:31
BRDA:25,0,0,3
BRDA:74,1,0,2
BRDA:74,1,1,0
BRDA:78,2,0,1
BRDA:78,2,1,1
BRDA:78,3,0,2
BRDA:78,3,1,1
BRDA:150,4,0,0
BRDA:150,4,1,0
BRF:9
BRH:6
end_of_record
TN:
SF:server/models/config.js
FN:25,(anonymous_0)
FN:26,(anonymous_1)
FN:28,(anonymous_2)
FNF:3
FNH:2
FNDA:3,(anonymous_0)
FNDA:3,(anonymous_1)
FNDA:0,(anonymous_2)
DA:1,1
DA:26,3
DA:28,3
DA:29,0
LF:4
LH:3
BRF:0
BRH:0
end_of_record
TN:
SF:tests/testData/postResponseArtApi.js
FNF:0
FNH:0
DA:181,1
LF:1
LH:1
BRF:0
BRH:0
end_of_record
