TN:
SF:server/controllers/artChicagoApi.js
FN:18,(anonymous_0)
FN:53,(anonymous_1)
FN:59,(anonymous_2)
FN:63,(anonymous_3)
FN:64,(anonymous_4)
FN:82,(anonymous_5)
FN:90,(anonymous_6)
FN:141,(anonymous_7)
FN:147,(anonymous_8)
FN:148,(anonymous_9)
FN:159,(anonymous_10)
FNF:11
FNH:0
FNDA:0,(anonymous_0)
FNDA:0,(anonymous_1)
FNDA:0,(anonymous_2)
FNDA:0,(anonymous_3)
FNDA:0,(anonymous_4)
FNDA:0,(anonymous_5)
FNDA:0,(anonymous_6)
FNDA:0,(anonymous_7)
FNDA:0,(anonymous_8)
FNDA:0,(anonymous_9)
FNDA:0,(anonymous_10)
DA:1,1
DA:2,1
DA:10,1
DA:13,1
DA:18,1
DA:19,0
DA:20,0
DA:21,0
DA:53,1
DA:56,0
DA:57,0
DA:59,0
DA:60,0
DA:63,0
DA:66,0
DA:67,0
DA:69,0
DA:70,0
DA:72,0
DA:75,0
DA:76,0
DA:77,0
DA:79,0
DA:83,0
DA:90,1
DA:91,0
DA:93,0
DA:95,0
DA:97,0
DA:98,0
DA:99,0
DA:100,0
DA:105,0
DA:108,0
DA:109,0
DA:111,0
DA:141,1
DA:142,0
DA:144,0
DA:147,0
DA:149,0
DA:151,0
DA:153,0
DA:154,0
DA:156,0
DA:157,0
DA:160,0
DA:167,1
LF:48
LH:9
BRDA:18,0,0,0
BRDA:75,1,0,0
BRDA:75,1,1,0
BRF:3
BRH:0
end_of_record
TN:
SF:server/models/config.js
FN:25,(anonymous_0)
FN:26,(anonymous_1)
FN:28,(anonymous_2)
FNF:3
FNH:0
FNDA:0,(anonymous_0)
FNDA:0,(anonymous_1)
FNDA:0,(anonymous_2)
DA:1,1
DA:26,0
DA:28,0
DA:29,0
LF:4
LH:1
BRF:0
BRH:0
end_of_record
TN:
SF:tests/testData/postResponseArtApi.js
FNF:0
FNH:0
DA:1,1
LF:1
LH:1
BRF:0
BRH:0
end_of_record
